action: py39, msg: installpkg
cwd: /home/jenkins/python-webcount
cmd: /home/jenkins/python-webcount/.tox/py39/bin/python -m pip install --exists-action w .tox/.tmp/package/1/webcount-0.1.zip
Processing ./.tox/.tmp/package/1/webcount-0.1.zip
Requirement already satisfied: requests in ./.tox/py39/lib/python3.9/site-packages (from webcount==0.1) (2.28.1)
Requirement already satisfied: certifi>=2017.4.17 in ./.tox/py39/lib/python3.9/site-packages (from requests->webcount==0.1) (2022.9.24)
Requirement already satisfied: charset-normalizer<3,>=2 in ./.tox/py39/lib/python3.9/site-packages (from requests->webcount==0.1) (2.1.1)
Requirement already satisfied: idna<4,>=2.5 in ./.tox/py39/lib/python3.9/site-packages (from requests->webcount==0.1) (3.4)
Requirement already satisfied: urllib3<1.27,>=1.21.1 in ./.tox/py39/lib/python3.9/site-packages (from requests->webcount==0.1) (1.26.12)
Building wheels for collected packages: webcount
  Building wheel for webcount (setup.py): started
  Building wheel for webcount (setup.py): finished with status 'done'
  Created wheel for webcount: filename=webcount-0.1-py3-none-any.whl size=2627 sha256=269c23e14d231e9361761b7a38375c789abc49fb28bcd94b9f21465f07a675b4
  Stored in directory: /home/jenkins/.cache/pip/wheels/d6/a3/90/cfbfa8374412207b13f2df358929017498126d74affd12d7fd
Successfully built webcount
Installing collected packages: webcount
  Attempting uninstall: webcount
    Found existing installation: webcount 0.1
    Not uninstalling webcount at /home/jenkins/python-webcount, outside environment /home/jenkins/python-webcount/.tox/py39
    Can't uninstall 'webcount'. No files were found to uninstall.
Successfully installed webcount-0.1
