action: py39, msg: getenv
cwd: /home/jenkins/python-webcount
cmd: /home/jenkins/python-webcount/.tox/py39/bin/python -m pip install pytest requests
Collecting pytest
  Using cached pytest-7.2.0-py3-none-any.whl (316 kB)
Collecting requests
  Downloading requests-2.28.1-py3-none-any.whl (62 kB)
Collecting iniconfig
  Using cached iniconfig-1.1.1-py2.py3-none-any.whl (5.0 kB)
Collecting attrs>=19.2.0
  Downloading attrs-22.1.0-py2.py3-none-any.whl (58 kB)
Collecting exceptiongroup>=1.0.0rc8; python_version < "3.11"
  Using cached exceptiongroup-1.0.0rc9-py3-none-any.whl (12 kB)
Collecting tomli>=1.0.0; python_version < "3.11"
  Using cached tomli-2.0.1-py3-none-any.whl (12 kB)
Collecting pluggy<2.0,>=0.12
  Using cached pluggy-1.0.0-py2.py3-none-any.whl (13 kB)
Collecting packaging
  Using cached packaging-21.3-py3-none-any.whl (40 kB)
Collecting certifi>=2017.4.17
  Downloading certifi-2022.9.24-py3-none-any.whl (161 kB)
Collecting charset-normalizer<3,>=2
  Downloading charset_normalizer-2.1.1-py3-none-any.whl (39 kB)
Collecting idna<4,>=2.5
  Downloading idna-3.4-py3-none-any.whl (61 kB)
Collecting urllib3<1.27,>=1.21.1
  Downloading urllib3-1.26.12-py2.py3-none-any.whl (140 kB)
Collecting pyparsing!=3.0.5,>=2.0.2
  Using cached pyparsing-3.0.9-py3-none-any.whl (98 kB)
Installing collected packages: iniconfig, attrs, exceptiongroup, tomli, pluggy, pyparsing, packaging, pytest, certifi, charset-normalizer, idna, urllib3, requests
Successfully installed attrs-22.1.0 certifi-2022.9.24 charset-normalizer-2.1.1 exceptiongroup-1.0.0rc9 idna-3.4 iniconfig-1.1.1 packaging-21.3 pluggy-1.0.0 pyparsing-3.0.9 pytest-7.2.0 requests-2.28.1 tomli-2.0.1 urllib3-1.26.12
